<?xml version="1.0" encoding="UTF-8"?>
<!-- Generated by org.testng.reporters.JUnitReportReporter -->
<testsuite hostname="win8" name="com.acttime.usertest.UserTest" tests="3" failures="0" timestamp="3 Jun 2018 08:18:45 GMT" time="24.797" errors="0">
  <testcase name="modifyUserTest" time="8.432" classname="com.acttime.usertest.UserTest"/>
  <testcase name="createUserTest" time="7.936" classname="com.acttime.usertest.UserTest"/>
  <testcase name="searchUserTest" time="8.429" classname="com.acttime.usertest.UserTest"/>
</testsuite> <!-- com.acttime.usertest.UserTest -->
