<?xml version="1.0" encoding="UTF-8"?>
<!-- Generated by org.testng.reporters.JUnitReportReporter -->
<testsuite hostname="win8" name="com.acttime.customertest.CustomerTest" tests="2" failures="0" timestamp="3 Jun 2018 08:18:45 GMT" time="27.340" errors="0">
  <testcase name="createCustomerTest" time="13.167" classname="com.acttime.customertest.CustomerTest"/>
  <testcase name="createCustomerWitDecTest" time="14.173" classname="com.acttime.customertest.CustomerTest"/>
</testsuite> <!-- com.acttime.customertest.CustomerTest -->
